D:\海泰光电\工作\测线服务程序20111208\MATRIXSERVER\DEBUG\MATRIXSERVER.EXE
D:\海泰光电\工作\测线服务程序20111208\MATRIXSERVER\DEBUG\MATRIXSERVER.PDB
D:\海泰光电\工作\测线服务程序20111208\MatrixServer\MatrixServer\Debug\cl.command.1.tlog
D:\海泰光电\工作\测线服务程序20111208\MatrixServer\MatrixServer\Debug\CL.read.1.tlog
D:\海泰光电\工作\测线服务程序20111208\MatrixServer\MatrixServer\Debug\CL.write.1.tlog
D:\海泰光电\工作\测线服务程序20111208\MATRIXSERVER\MATRIXSERVER\DEBUG\CLIENTCOMMFRAME.OBJ
D:\海泰光电\工作\测线服务程序20111208\MATRIXSERVER\MATRIXSERVER\DEBUG\CLIENTCOMMTHREAD.OBJ
D:\海泰光电\工作\测线服务程序20111208\MATRIXSERVER\MATRIXSERVER\DEBUG\CLIENTRECFRAME.OBJ
D:\海泰光电\工作\测线服务程序20111208\MATRIXSERVER\MATRIXSERVER\DEBUG\CLIENTRECTHREAD.OBJ
D:\海泰光电\工作\测线服务程序20111208\MATRIXSERVER\MATRIXSERVER\DEBUG\CLIENTSNDFRAME.OBJ
D:\海泰光电\工作\测线服务程序20111208\MATRIXSERVER\MATRIXSERVER\DEBUG\CLIENTSNDTHREAD.OBJ
D:\海泰光电\工作\测线服务程序20111208\MATRIXSERVER\MATRIXSERVER\DEBUG\CLIENTSOCKET.OBJ
D:\海泰光电\工作\测线服务程序20111208\MATRIXSERVER\MATRIXSERVER\DEBUG\COMM.OBJ
D:\海泰光电\工作\测线服务程序20111208\MATRIXSERVER\MATRIXSERVER\DEBUG\COMMCLIENT.OBJ
D:\海泰光电\工作\测线服务程序20111208\MATRIXSERVER\MATRIXSERVER\DEBUG\COMMSERVER.OBJ
D:\海泰光电\工作\测线服务程序20111208\MatrixServer\MatrixServer\Debug\link.command.1.tlog
D:\海泰光电\工作\测线服务程序20111208\MatrixServer\MatrixServer\Debug\link.read.1.tlog
D:\海泰光电\工作\测线服务程序20111208\MatrixServer\MatrixServer\Debug\link.write.1.tlog
D:\海泰光电\工作\测线服务程序20111208\MatrixServer\MatrixServer\Debug\link-cvtres.read.1.tlog
D:\海泰光电\工作\测线服务程序20111208\MatrixServer\MatrixServer\Debug\link-cvtres.write.1.tlog
D:\海泰光电\工作\测线服务程序20111208\MATRIXSERVER\MATRIXSERVER\DEBUG\MATRIXDLLCALL.OBJ
D:\海泰光电\工作\测线服务程序20111208\MATRIXSERVER\MATRIXSERVER\DEBUG\MATRIXSERVER.EXE.EMBED.MANIFEST
D:\海泰光电\工作\测线服务程序20111208\MATRIXSERVER\MATRIXSERVER\DEBUG\MATRIXSERVER.EXE.EMBED.MANIFEST.RES
D:\海泰光电\工作\测线服务程序20111208\MATRIXSERVER\MATRIXSERVER\DEBUG\MATRIXSERVER.EXE.INTERMEDIATE.MANIFEST
D:\海泰光电\工作\测线服务程序20111208\MATRIXSERVER\MATRIXSERVER\DEBUG\MATRIXSERVER.OBJ
D:\海泰光电\工作\测线服务程序20111208\MATRIXSERVER\MATRIXSERVER\DEBUG\MATRIXSERVER.PCH
D:\海泰光电\工作\测线服务程序20111208\MATRIXSERVER\MATRIXSERVER\DEBUG\MATRIXSERVER.RES
D:\海泰光电\工作\测线服务程序20111208\MatrixServer\MatrixServer\Debug\MatrixServer_manifest.rc
D:\海泰光电\工作\测线服务程序20111208\MATRIXSERVER\MATRIXSERVER\DEBUG\MATRIXSERVERDLG.OBJ
D:\海泰光电\工作\测线服务程序20111208\MatrixServer\MatrixServer\Debug\mt.command.1.tlog
D:\海泰光电\工作\测线服务程序20111208\MatrixServer\MatrixServer\Debug\mt.read.1.tlog
D:\海泰光电\工作\测线服务程序20111208\MatrixServer\MatrixServer\Debug\mt.write.1.tlog
D:\海泰光电\工作\测线服务程序20111208\MatrixServer\MatrixServer\Debug\rc.command.1.tlog
D:\海泰光电\工作\测线服务程序20111208\MatrixServer\MatrixServer\Debug\rc.read.1.tlog
D:\海泰光电\工作\测线服务程序20111208\MatrixServer\MatrixServer\Debug\rc.write.1.tlog
D:\海泰光电\工作\测线服务程序20111208\MATRIXSERVER\MATRIXSERVER\DEBUG\STDAFX.OBJ
D:\海泰光电\工作\测线服务程序20111208\MatrixServer\MatrixServer\Debug\vc100.idb
D:\海泰光电\工作\测线服务程序20111208\MATRIXSERVER\MATRIXSERVER\DEBUG\VC100.PDB
