<?xml version="1.0" encoding="utf-8" ?>
<!-- DO NOT EDIT THIS FILE -->
<log version='1.0' component='mc'>
  <msg id="1" display='true'>
    <type>2001</type>
    <description>Analysis started for e:\works\segd\segd.conv\Debug\segd.conv.exe, pid = 6260, status file = E:\works\segd\segd.conv\My Inspector XE Results - segd.conv\r014mi3\data.0\mc_segd.conv_6260.pdr</description>
    <severity>2</severity>
    <arg>e:\works\segd\segd.conv\Debug\segd.conv.exe</arg>
    <arg>6260</arg>
    <arg>E:\works\segd\segd.conv\My Inspector XE Results - segd.conv\r014mi3\data.0\mc_segd.conv_6260.pdr</arg>
  </msg>
  <msg id="2" display='true'>
    <type>2002</type>
    <description>Module loaded e:\works\segd\segd.conv\Debug\segd.conv.exe, address range [0x00240000-0x002d0fff]</description>
    <severity>2</severity>
    <arg>e:\works\segd\segd.conv\Debug\segd.conv.exe</arg>
    <arg>0x00240000</arg>
    <arg>0x002d0fff</arg>
  </msg>
  <msg id="3" display='true'>
    <type>2002</type>
    <description>Module loaded C:\Windows\system32\apphelp.dll, address range [0x73cb0000-0x73cfbfff]</description>
    <severity>2</severity>
    <arg>C:\Windows\system32\apphelp.dll</arg>
    <arg>0x73cb0000</arg>
    <arg>0x73cfbfff</arg>
  </msg>
  <msg id="4" display='true'>
    <type>2002</type>
    <description>Module loaded C:\Windows\syswow64\KERNELBASE.dll, address range [0x751e0000-0x75225fff]</description>
    <severity>2</severity>
    <arg>C:\Windows\syswow64\KERNELBASE.dll</arg>
    <arg>0x751e0000</arg>
    <arg>0x75225fff</arg>
  </msg>
  <msg id="5" display='true'>
    <type>2002</type>
    <description>Module loaded C:\Windows\syswow64\kernel32.dll, address range [0x75880000-0x7598ffff]</description>
    <severity>2</severity>
    <arg>C:\Windows\syswow64\kernel32.dll</arg>
    <arg>0x75880000</arg>
    <arg>0x7598ffff</arg>
  </msg>
  <msg id="6" display='true'>
    <type>2002</type>
    <description>Module loaded C:\Windows\SysWOW64\ntdll.dll, address range [0x77320000-0x7749ffff]</description>
    <severity>2</severity>
    <arg>C:\Windows\SysWOW64\ntdll.dll</arg>
    <arg>0x77320000</arg>
    <arg>0x7749ffff</arg>
  </msg>
  <msg id="7" display='true'>
    <type>2002</type>
    <description>Module loaded C:\Windows\syswow64\USER32.dll, address range [0x75460000-0x7555ffff]</description>
    <severity>2</severity>
    <arg>C:\Windows\syswow64\USER32.dll</arg>
    <arg>0x75460000</arg>
    <arg>0x7555ffff</arg>
  </msg>
  <msg id="8" display='true'>
    <type>2002</type>
    <description>Module loaded C:\Windows\syswow64\GDI32.dll, address range [0x76870000-0x768fffff]</description>
    <severity>2</severity>
    <arg>C:\Windows\syswow64\GDI32.dll</arg>
    <arg>0x76870000</arg>
    <arg>0x768fffff</arg>
  </msg>
  <msg id="9" display='true'>
    <type>2002</type>
    <description>Module loaded C:\Windows\syswow64\LPK.dll, address range [0x74ce0000-0x74ce9fff]</description>
    <severity>2</severity>
    <arg>C:\Windows\syswow64\LPK.dll</arg>
    <arg>0x74ce0000</arg>
    <arg>0x74ce9fff</arg>
  </msg>
  <msg id="10" display='true'>
    <type>2002</type>
    <description>Module loaded C:\Windows\syswow64\USP10.dll, address range [0x75560000-0x755fcfff]</description>
    <severity>2</severity>
    <arg>C:\Windows\syswow64\USP10.dll</arg>
    <arg>0x75560000</arg>
    <arg>0x755fcfff</arg>
  </msg>
  <msg id="11" display='true'>
    <type>2002</type>
    <description>Module loaded C:\Windows\syswow64\msvcrt.dll, address range [0x769b0000-0x76a5bfff]</description>
    <severity>2</severity>
    <arg>C:\Windows\syswow64\msvcrt.dll</arg>
    <arg>0x769b0000</arg>
    <arg>0x76a5bfff</arg>
  </msg>
  <msg id="12" display='true'>
    <type>2002</type>
    <description>Module loaded C:\Windows\syswow64\ADVAPI32.dll, address range [0x76910000-0x769affff]</description>
    <severity>2</severity>
    <arg>C:\Windows\syswow64\ADVAPI32.dll</arg>
    <arg>0x76910000</arg>
    <arg>0x769affff</arg>
  </msg>
  <msg id="13" display='true'>
    <type>2002</type>
    <description>Module loaded C:\Windows\SysWOW64\sechost.dll, address range [0x76740000-0x76758fff]</description>
    <severity>2</severity>
    <arg>C:\Windows\SysWOW64\sechost.dll</arg>
    <arg>0x76740000</arg>
    <arg>0x76758fff</arg>
  </msg>
  <msg id="14" display='true'>
    <type>2002</type>
    <description>Module loaded C:\Windows\syswow64\RPCRT4.dll, address range [0x75a00000-0x75aeffff]</description>
    <severity>2</severity>
    <arg>C:\Windows\syswow64\RPCRT4.dll</arg>
    <arg>0x75a00000</arg>
    <arg>0x75aeffff</arg>
  </msg>
  <msg id="15" display='true'>
    <type>2002</type>
    <description>Module loaded C:\Windows\syswow64\SspiCli.dll, address range [0x74a00000-0x74a5ffff]</description>
    <severity>2</severity>
    <arg>C:\Windows\syswow64\SspiCli.dll</arg>
    <arg>0x74a00000</arg>
    <arg>0x74a5ffff</arg>
  </msg>
  <msg id="16" display='true'>
    <type>2002</type>
    <description>Module loaded C:\Windows\syswow64\CRYPTBASE.dll, address range [0x749f0000-0x749fbfff]</description>
    <severity>2</severity>
    <arg>C:\Windows\syswow64\CRYPTBASE.dll</arg>
    <arg>0x749f0000</arg>
    <arg>0x749fbfff</arg>
  </msg>
  <msg id="17" display='true'>
    <type>2002</type>
    <description>Module loaded C:\Windows\syswow64\imagehlp.dll, address range [0x767e0000-0x76809fff]</description>
    <severity>2</severity>
    <arg>C:\Windows\syswow64\imagehlp.dll</arg>
    <arg>0x767e0000</arg>
    <arg>0x76809fff</arg>
  </msg>
  <msg id="18" display='true'>
    <type>2002</type>
    <description>Module loaded C:\Windows\syswow64\SHLWAPI.dll, address range [0x75600000-0x75656fff]</description>
    <severity>2</severity>
    <arg>C:\Windows\syswow64\SHLWAPI.dll</arg>
    <arg>0x75600000</arg>
    <arg>0x75656fff</arg>
  </msg>
  <msg id="19" display='true'>
    <type>2002</type>
    <description>Module loaded C:\Windows\syswow64\WS2_32.dll, address range [0x75990000-0x759c4fff]</description>
    <severity>2</severity>
    <arg>C:\Windows\syswow64\WS2_32.dll</arg>
    <arg>0x75990000</arg>
    <arg>0x759c4fff</arg>
  </msg>
  <msg id="20" display='true'>
    <type>2002</type>
    <description>Module loaded C:\Windows\syswow64\NSI.dll, address range [0x76860000-0x76865fff]</description>
    <severity>2</severity>
    <arg>C:\Windows\syswow64\NSI.dll</arg>
    <arg>0x76860000</arg>
    <arg>0x76865fff</arg>
  </msg>
  <msg id="21" display='true'>
    <type>2002</type>
    <description>Module loaded C:\Windows\system32\IMM32.DLL, address range [0x76780000-0x767dffff]</description>
    <severity>2</severity>
    <arg>C:\Windows\system32\IMM32.DLL</arg>
    <arg>0x76780000</arg>
    <arg>0x767dffff</arg>
  </msg>
  <msg id="22" display='true'>
    <type>2002</type>
    <description>Module loaded C:\Windows\syswow64\MSCTF.dll, address range [0x75230000-0x752fbfff]</description>
    <severity>2</severity>
    <arg>C:\Windows\syswow64\MSCTF.dll</arg>
    <arg>0x75230000</arg>
    <arg>0x752fbfff</arg>
  </msg>
  <msg id="23" display='true'>
    <type>2002</type>
    <description>Module loaded C:\PROGRA~2\Google\GOOGLE~3\GO36F4~1.DLL, address range [0x622b0000-0x622d2fff]</description>
    <severity>2</severity>
    <arg>C:\PROGRA~2\Google\GOOGLE~3\GO36F4~1.DLL</arg>
    <arg>0x622b0000</arg>
    <arg>0x622d2fff</arg>
  </msg>
  <msg id="24" display='true'>
    <type>2003</type>
    <description>Module unloaded C:\PROGRA~2\Google\GOOGLE~3\GO36F4~1.DLL</description>
    <severity>2</severity>
    <arg>C:\PROGRA~2\Google\GOOGLE~3\GO36F4~1.DLL</arg>
  </msg>
  <msg id="25" display='true'>
    <type>2008</type>
    <description>Process e:\works\segd\segd.conv\Debug\segd.conv.exe exited with code 0. Leak analysis starting - this may take a while.</description>
    <severity>2</severity>
    <arg>e:\works\segd\segd.conv\Debug\segd.conv.exe</arg>
    <arg>0</arg>
  </msg>
  <msg id="26" display='true'>
    <type>2003</type>
    <description>Module unloaded e:\works\segd\segd.conv\Debug\segd.conv.exe</description>
    <severity>2</severity>
    <arg>e:\works\segd\segd.conv\Debug\segd.conv.exe</arg>
  </msg>
  <msg id="27" display='true'>
    <type>2003</type>
    <description>Module unloaded C:\Windows\system32\apphelp.dll</description>
    <severity>2</severity>
    <arg>C:\Windows\system32\apphelp.dll</arg>
  </msg>
  <msg id="28" display='true'>
    <type>2003</type>
    <description>Module unloaded C:\Windows\syswow64\KERNELBASE.dll</description>
    <severity>2</severity>
    <arg>C:\Windows\syswow64\KERNELBASE.dll</arg>
  </msg>
  <msg id="29" display='true'>
    <type>2003</type>
    <description>Module unloaded C:\Windows\syswow64\kernel32.dll</description>
    <severity>2</severity>
    <arg>C:\Windows\syswow64\kernel32.dll</arg>
  </msg>
  <msg id="30" display='true'>
    <type>2003</type>
    <description>Module unloaded C:\Windows\SysWOW64\ntdll.dll</description>
    <severity>2</severity>
    <arg>C:\Windows\SysWOW64\ntdll.dll</arg>
  </msg>
  <msg id="31" display='true'>
    <type>2003</type>
    <description>Module unloaded C:\Windows\syswow64\USER32.dll</description>
    <severity>2</severity>
    <arg>C:\Windows\syswow64\USER32.dll</arg>
  </msg>
  <msg id="32" display='true'>
    <type>2003</type>
    <description>Module unloaded C:\Windows\syswow64\GDI32.dll</description>
    <severity>2</severity>
    <arg>C:\Windows\syswow64\GDI32.dll</arg>
  </msg>
  <msg id="33" display='true'>
    <type>2003</type>
    <description>Module unloaded C:\Windows\syswow64\LPK.dll</description>
    <severity>2</severity>
    <arg>C:\Windows\syswow64\LPK.dll</arg>
  </msg>
  <msg id="34" display='true'>
    <type>2003</type>
    <description>Module unloaded C:\Windows\syswow64\USP10.dll</description>
    <severity>2</severity>
    <arg>C:\Windows\syswow64\USP10.dll</arg>
  </msg>
  <msg id="35" display='true'>
    <type>2003</type>
    <description>Module unloaded C:\Windows\syswow64\msvcrt.dll</description>
    <severity>2</severity>
    <arg>C:\Windows\syswow64\msvcrt.dll</arg>
  </msg>
  <msg id="36" display='true'>
    <type>2003</type>
    <description>Module unloaded C:\Windows\syswow64\ADVAPI32.dll</description>
    <severity>2</severity>
    <arg>C:\Windows\syswow64\ADVAPI32.dll</arg>
  </msg>
  <msg id="37" display='true'>
    <type>2003</type>
    <description>Module unloaded C:\Windows\SysWOW64\sechost.dll</description>
    <severity>2</severity>
    <arg>C:\Windows\SysWOW64\sechost.dll</arg>
  </msg>
  <msg id="38" display='true'>
    <type>2003</type>
    <description>Module unloaded C:\Windows\syswow64\RPCRT4.dll</description>
    <severity>2</severity>
    <arg>C:\Windows\syswow64\RPCRT4.dll</arg>
  </msg>
  <msg id="39" display='true'>
    <type>2003</type>
    <description>Module unloaded C:\Windows\syswow64\SspiCli.dll</description>
    <severity>2</severity>
    <arg>C:\Windows\syswow64\SspiCli.dll</arg>
  </msg>
  <msg id="40" display='true'>
    <type>2003</type>
    <description>Module unloaded C:\Windows\syswow64\CRYPTBASE.dll</description>
    <severity>2</severity>
    <arg>C:\Windows\syswow64\CRYPTBASE.dll</arg>
  </msg>
  <msg id="41" display='true'>
    <type>2003</type>
    <description>Module unloaded C:\Windows\syswow64\imagehlp.dll</description>
    <severity>2</severity>
    <arg>C:\Windows\syswow64\imagehlp.dll</arg>
  </msg>
  <msg id="42" display='true'>
    <type>2003</type>
    <description>Module unloaded C:\Windows\syswow64\SHLWAPI.dll</description>
    <severity>2</severity>
    <arg>C:\Windows\syswow64\SHLWAPI.dll</arg>
  </msg>
  <msg id="43" display='true'>
    <type>2003</type>
    <description>Module unloaded C:\Windows\syswow64\WS2_32.dll</description>
    <severity>2</severity>
    <arg>C:\Windows\syswow64\WS2_32.dll</arg>
  </msg>
  <msg id="44" display='true'>
    <type>2003</type>
    <description>Module unloaded C:\Windows\syswow64\NSI.dll</description>
    <severity>2</severity>
    <arg>C:\Windows\syswow64\NSI.dll</arg>
  </msg>
  <msg id="45" display='true'>
    <type>2003</type>
    <description>Module unloaded C:\Windows\system32\IMM32.DLL</description>
    <severity>2</severity>
    <arg>C:\Windows\system32\IMM32.DLL</arg>
  </msg>
  <msg id="46" display='true'>
    <type>2003</type>
    <description>Module unloaded C:\Windows\syswow64\MSCTF.dll</description>
    <severity>2</severity>
    <arg>C:\Windows\syswow64\MSCTF.dll</arg>
  </msg>
  <msg id="47" display='true'>
    <type>2009</type>
    <description>Analysis completed for e:\works\segd\segd.conv\Debug\segd.conv.exe</description>
    <severity>2</severity>
    <arg>e:\works\segd\segd.conv\Debug\segd.conv.exe</arg>
  </msg>
</log>
