<?xml version="1.0" encoding="utf-8" ?>
<!-- DO NOT EDIT THIS FILE -->

<log version="1.0" component="tcet">
	<msg id="1" display="false" tool="tccore">
		<type>2207</type>
		<timestamp>Thu Apr 26 11:13:28 2012</timestamp>
		<severity>2</severity>
		<description>START</description>
	</msg>
	<!-- Successfully loaded the TC Runtime at base address 0x56000000 -->
	<!-- Successfully loaded the TC Analysis Core at base address 0x57000000 -->
	<!-- Successfully loaded the TC Instrumentation Engine at base address 0x55000000 -->
	<!-- This is the instance of interest -->
	<msg id="2" tool="tcet">
		<type>2001</type>
		<timestamp>Thu Apr 26 11:13:28 2012</timestamp>
		<severity>2</severity>
		<description>LOAD_MODULE</description>
		<arg>e:\works\segd\segd.conv\Debug\segd.conv.exe</arg>
	</msg>
	<msg id="3" tool="tcet">
		<type>2001</type>
		<timestamp>Thu Apr 26 11:13:28 2012</timestamp>
		<severity>2</severity>
		<description>LOAD_MODULE</description>
		<arg>C:\Windows\system32\apphelp.dll</arg>
	</msg>
	<msg id="4" tool="tcet">
		<type>2001</type>
		<timestamp>Thu Apr 26 11:13:28 2012</timestamp>
		<severity>2</severity>
		<description>LOAD_MODULE</description>
		<arg>C:\Windows\syswow64\KERNELBASE.dll</arg>
	</msg>
	<msg id="5" tool="tcet">
		<type>2001</type>
		<timestamp>Thu Apr 26 11:13:28 2012</timestamp>
		<severity>2</severity>
		<description>LOAD_MODULE</description>
		<arg>C:\Windows\syswow64\kernel32.dll</arg>
	</msg>
	<msg id="6" tool="tcet">
		<type>2001</type>
		<timestamp>Thu Apr 26 11:13:28 2012</timestamp>
		<severity>2</severity>
		<description>LOAD_MODULE</description>
		<arg>C:\Windows\SysWOW64\ntdll.dll</arg>
	</msg>
	<msg id="7" tool="tcet">
		<type>2001</type>
		<timestamp>Thu Apr 26 11:13:29 2012</timestamp>
		<severity>2</severity>
		<description>LOAD_MODULE</description>
		<arg>C:\Windows\syswow64\USER32.dll</arg>
	</msg>
	<msg id="8" tool="tcet">
		<type>2001</type>
		<timestamp>Thu Apr 26 11:13:29 2012</timestamp>
		<severity>2</severity>
		<description>LOAD_MODULE</description>
		<arg>C:\Windows\syswow64\GDI32.dll</arg>
	</msg>
	<msg id="9" tool="tcet">
		<type>2001</type>
		<timestamp>Thu Apr 26 11:13:29 2012</timestamp>
		<severity>2</severity>
		<description>LOAD_MODULE</description>
		<arg>C:\Windows\syswow64\LPK.dll</arg>
	</msg>
	<msg id="10" tool="tcet">
		<type>2001</type>
		<timestamp>Thu Apr 26 11:13:29 2012</timestamp>
		<severity>2</severity>
		<description>LOAD_MODULE</description>
		<arg>C:\Windows\syswow64\USP10.dll</arg>
	</msg>
	<msg id="11" tool="tcet">
		<type>2001</type>
		<timestamp>Thu Apr 26 11:13:29 2012</timestamp>
		<severity>2</severity>
		<description>LOAD_MODULE</description>
		<arg>C:\Windows\syswow64\msvcrt.dll</arg>
	</msg>
	<msg id="12" tool="tcet">
		<type>2001</type>
		<timestamp>Thu Apr 26 11:13:29 2012</timestamp>
		<severity>2</severity>
		<description>LOAD_MODULE</description>
		<arg>C:\Windows\syswow64\ADVAPI32.dll</arg>
	</msg>
	<msg id="13" tool="tcet">
		<type>2001</type>
		<timestamp>Thu Apr 26 11:13:29 2012</timestamp>
		<severity>2</severity>
		<description>LOAD_MODULE</description>
		<arg>C:\Windows\SysWOW64\sechost.dll</arg>
	</msg>
	<msg id="14" tool="tcet">
		<type>2001</type>
		<timestamp>Thu Apr 26 11:13:29 2012</timestamp>
		<severity>2</severity>
		<description>LOAD_MODULE</description>
		<arg>C:\Windows\syswow64\RPCRT4.dll</arg>
	</msg>
	<msg id="15" tool="tcet">
		<type>2001</type>
		<timestamp>Thu Apr 26 11:13:29 2012</timestamp>
		<severity>2</severity>
		<description>LOAD_MODULE</description>
		<arg>C:\Windows\syswow64\SspiCli.dll</arg>
	</msg>
	<msg id="16" tool="tcet">
		<type>2001</type>
		<timestamp>Thu Apr 26 11:13:29 2012</timestamp>
		<severity>2</severity>
		<description>LOAD_MODULE</description>
		<arg>C:\Windows\syswow64\CRYPTBASE.dll</arg>
	</msg>
	<msg id="17" tool="tcet">
		<type>2001</type>
		<timestamp>Thu Apr 26 11:13:29 2012</timestamp>
		<severity>2</severity>
		<description>LOAD_MODULE</description>
		<arg>C:\Windows\syswow64\imagehlp.dll</arg>
	</msg>
	<msg id="18" tool="tcet">
		<type>2001</type>
		<timestamp>Thu Apr 26 11:13:29 2012</timestamp>
		<severity>2</severity>
		<description>LOAD_MODULE</description>
		<arg>C:\Windows\syswow64\SHLWAPI.dll</arg>
	</msg>
	<msg id="19" tool="tcet">
		<type>2001</type>
		<timestamp>Thu Apr 26 11:13:29 2012</timestamp>
		<severity>2</severity>
		<description>LOAD_MODULE</description>
		<arg>C:\Windows\syswow64\WS2_32.dll</arg>
	</msg>
	<msg id="20" tool="tcet">
		<type>2001</type>
		<timestamp>Thu Apr 26 11:13:29 2012</timestamp>
		<severity>2</severity>
		<description>LOAD_MODULE</description>
		<arg>C:\Windows\syswow64\NSI.dll</arg>
	</msg>
	<msg id="21" tool="tcet">
		<type>2001</type>
		<timestamp>Thu Apr 26 11:13:30 2012</timestamp>
		<severity>2</severity>
		<description>LOAD_MODULE</description>
		<arg>C:\Windows\system32\IMM32.DLL</arg>
	</msg>
	<msg id="22" tool="tcet">
		<type>2001</type>
		<timestamp>Thu Apr 26 11:13:30 2012</timestamp>
		<severity>2</severity>
		<description>LOAD_MODULE</description>
		<arg>C:\Windows\syswow64\MSCTF.dll</arg>
	</msg>
	<msg id="23" tool="tcet">
		<type>2001</type>
		<timestamp>Thu Apr 26 11:13:30 2012</timestamp>
		<severity>2</severity>
		<description>LOAD_MODULE</description>
		<arg>C:\PROGRA~2\Google\GOOGLE~3\GO36F4~1.DLL</arg>
	</msg>
	<msg id="24" tool="tcet">
		<type>2002</type>
		<timestamp>Thu Apr 26 11:13:32 2012</timestamp>
		<severity>2</severity>
		<description>UNLOAD_MODULE</description>
		<arg>C:\PROGRA~2\Google\GOOGLE~3\GO36F4~1.DLL</arg>
	</msg>
	<msg id="25" tool="tcet">
		<type>2002</type>
		<timestamp>Thu Apr 26 11:14:04 2012</timestamp>
		<severity>2</severity>
		<description>UNLOAD_MODULE</description>
		<arg>e:\works\segd\segd.conv\Debug\segd.conv.exe</arg>
	</msg>
	<msg id="26" tool="tcet">
		<type>2002</type>
		<timestamp>Thu Apr 26 11:14:04 2012</timestamp>
		<severity>2</severity>
		<description>UNLOAD_MODULE</description>
		<arg>C:\Windows\system32\apphelp.dll</arg>
	</msg>
	<msg id="27" tool="tcet">
		<type>2002</type>
		<timestamp>Thu Apr 26 11:14:04 2012</timestamp>
		<severity>2</severity>
		<description>UNLOAD_MODULE</description>
		<arg>C:\Windows\syswow64\KERNELBASE.dll</arg>
	</msg>
	<msg id="28" tool="tcet">
		<type>2002</type>
		<timestamp>Thu Apr 26 11:14:04 2012</timestamp>
		<severity>2</severity>
		<description>UNLOAD_MODULE</description>
		<arg>C:\Windows\syswow64\kernel32.dll</arg>
	</msg>
	<msg id="29" tool="tcet">
		<type>2002</type>
		<timestamp>Thu Apr 26 11:14:04 2012</timestamp>
		<severity>2</severity>
		<description>UNLOAD_MODULE</description>
		<arg>C:\Windows\SysWOW64\ntdll.dll</arg>
	</msg>
	<msg id="30" tool="tcet">
		<type>2002</type>
		<timestamp>Thu Apr 26 11:14:04 2012</timestamp>
		<severity>2</severity>
		<description>UNLOAD_MODULE</description>
		<arg>C:\Windows\syswow64\USER32.dll</arg>
	</msg>
	<msg id="31" tool="tcet">
		<type>2002</type>
		<timestamp>Thu Apr 26 11:14:04 2012</timestamp>
		<severity>2</severity>
		<description>UNLOAD_MODULE</description>
		<arg>C:\Windows\syswow64\GDI32.dll</arg>
	</msg>
	<msg id="32" tool="tcet">
		<type>2002</type>
		<timestamp>Thu Apr 26 11:14:04 2012</timestamp>
		<severity>2</severity>
		<description>UNLOAD_MODULE</description>
		<arg>C:\Windows\syswow64\LPK.dll</arg>
	</msg>
	<msg id="33" tool="tcet">
		<type>2002</type>
		<timestamp>Thu Apr 26 11:14:04 2012</timestamp>
		<severity>2</severity>
		<description>UNLOAD_MODULE</description>
		<arg>C:\Windows\syswow64\USP10.dll</arg>
	</msg>
	<msg id="34" tool="tcet">
		<type>2002</type>
		<timestamp>Thu Apr 26 11:14:04 2012</timestamp>
		<severity>2</severity>
		<description>UNLOAD_MODULE</description>
		<arg>C:\Windows\syswow64\msvcrt.dll</arg>
	</msg>
	<msg id="35" tool="tcet">
		<type>2002</type>
		<timestamp>Thu Apr 26 11:14:04 2012</timestamp>
		<severity>2</severity>
		<description>UNLOAD_MODULE</description>
		<arg>C:\Windows\syswow64\ADVAPI32.dll</arg>
	</msg>
	<msg id="36" tool="tcet">
		<type>2002</type>
		<timestamp>Thu Apr 26 11:14:04 2012</timestamp>
		<severity>2</severity>
		<description>UNLOAD_MODULE</description>
		<arg>C:\Windows\SysWOW64\sechost.dll</arg>
	</msg>
	<msg id="37" tool="tcet">
		<type>2002</type>
		<timestamp>Thu Apr 26 11:14:04 2012</timestamp>
		<severity>2</severity>
		<description>UNLOAD_MODULE</description>
		<arg>C:\Windows\syswow64\RPCRT4.dll</arg>
	</msg>
	<msg id="38" tool="tcet">
		<type>2002</type>
		<timestamp>Thu Apr 26 11:14:04 2012</timestamp>
		<severity>2</severity>
		<description>UNLOAD_MODULE</description>
		<arg>C:\Windows\syswow64\SspiCli.dll</arg>
	</msg>
	<msg id="39" tool="tcet">
		<type>2002</type>
		<timestamp>Thu Apr 26 11:14:04 2012</timestamp>
		<severity>2</severity>
		<description>UNLOAD_MODULE</description>
		<arg>C:\Windows\syswow64\CRYPTBASE.dll</arg>
	</msg>
	<msg id="40" tool="tcet">
		<type>2002</type>
		<timestamp>Thu Apr 26 11:14:04 2012</timestamp>
		<severity>2</severity>
		<description>UNLOAD_MODULE</description>
		<arg>C:\Windows\syswow64\imagehlp.dll</arg>
	</msg>
	<msg id="41" tool="tcet">
		<type>2002</type>
		<timestamp>Thu Apr 26 11:14:04 2012</timestamp>
		<severity>2</severity>
		<description>UNLOAD_MODULE</description>
		<arg>C:\Windows\syswow64\SHLWAPI.dll</arg>
	</msg>
	<msg id="42" tool="tcet">
		<type>2002</type>
		<timestamp>Thu Apr 26 11:14:04 2012</timestamp>
		<severity>2</severity>
		<description>UNLOAD_MODULE</description>
		<arg>C:\Windows\syswow64\WS2_32.dll</arg>
	</msg>
	<msg id="43" tool="tcet">
		<type>2002</type>
		<timestamp>Thu Apr 26 11:14:04 2012</timestamp>
		<severity>2</severity>
		<description>UNLOAD_MODULE</description>
		<arg>C:\Windows\syswow64\NSI.dll</arg>
	</msg>
	<msg id="44" tool="tcet">
		<type>2002</type>
		<timestamp>Thu Apr 26 11:14:04 2012</timestamp>
		<severity>2</severity>
		<description>UNLOAD_MODULE</description>
		<arg>C:\Windows\system32\IMM32.DLL</arg>
	</msg>
	<msg id="45" tool="tcet">
		<type>2002</type>
		<timestamp>Thu Apr 26 11:14:04 2012</timestamp>
		<severity>2</severity>
		<description>UNLOAD_MODULE</description>
		<arg>C:\Windows\syswow64\MSCTF.dll</arg>
	</msg>
	<msg id="46" tool="tcet">
		<type>2018</type>
		<timestamp>Thu Apr 26 11:14:04 2012</timestamp>
		<severity>2</severity>
		<description>PROCESS_TERMINATE</description>
		<arg>e:\works\segd\segd.conv\debug\segd.conv.exe</arg>
		<arg>8740</arg>
	</msg>
	<msg id="47" display="false" tool="tccore">
		<type>2208</type>
		<timestamp>Thu Apr 26 11:14:04 2012</timestamp>
		<severity>2</severity>
		<description>STOP</description>
	</msg>
</log>